<?xml version="1.0" encoding="UTF-8"?>
<testng-results skipped="0" failed="1" ignored="0" total="1" passed="0">
  <reporter-output>
  </reporter-output>
  <suite name="Default suite" duration-ms="13213" started-at="2020-03-16T23:30:03 EDT" finished-at="2020-03-16T23:30:16 EDT">
    <groups>
    </groups>
    <test name="Default test" duration-ms="13213" started-at="2020-03-16T23:30:03 EDT" finished-at="2020-03-16T23:30:16 EDT">
      <class name="autoP.testCases.TC_TP_001">
        <test-method status="PASS" signature="setup()[pri:0, instance:autoP.testCases.TC_TP_001@4bbfb90a]" name="setup" is-config="true" duration-ms="12438" started-at="2020-03-16T23:30:03 EDT" finished-at="2020-03-16T23:30:15 EDT">
          <reporter-output>
          </reporter-output>
        </test-method> <!-- setup -->
        <test-method status="FAIL" signature="loginTest()[pri:1, instance:autoP.testCases.TC_TP_001@4bbfb90a]" name="loginTest" duration-ms="7" started-at="2020-03-16T23:30:15 EDT" finished-at="2020-03-16T23:30:15 EDT">
          <exception class="java.lang.Error">
            <message>
              <![CDATA[Unresolved compilation problems: 
The method clickloginlandingbtn() is undefined for the type LoginPage
username cannot be resolved to a variable
The method setPassword(String) is undefined for the type LoginPage
The method clickloginbtn1() is undefined for the type LoginPage
]]>
            </message>
            <full-stacktrace>
              <![CDATA[java.lang.Error: Unresolved compilation problems: 
The method clickloginlandingbtn() is undefined for the type LoginPage
username cannot be resolved to a variable
The method setPassword(String) is undefined for the type LoginPage
The method clickloginbtn1() is undefined for the type LoginPage

at autoP.testCases.TC_TP_001.loginTest(TC_TP_001.java:20)
at sun.reflect.NativeMethodAccessorImpl.invoke0(Native Method)
at sun.reflect.NativeMethodAccessorImpl.invoke(Unknown Source)
at sun.reflect.DelegatingMethodAccessorImpl.invoke(Unknown Source)
at java.lang.reflect.Method.invoke(Unknown Source)
at org.testng.internal.MethodInvocationHelper.invokeMethod(MethodInvocationHelper.java:133)
at org.testng.internal.TestInvoker.invokeMethod(TestInvoker.java:584)
at org.testng.internal.TestInvoker.invokeTestMethod(TestInvoker.java:172)
at org.testng.internal.MethodRunner.runInSequence(MethodRunner.java:46)
at org.testng.internal.TestInvoker$MethodInvocationAgent.invoke(TestInvoker.java:804)
at org.testng.internal.TestInvoker.invokeTestMethods(TestInvoker.java:145)
at org.testng.internal.TestMethodWorker.invokeTestMethods(TestMethodWorker.java:146)
at org.testng.internal.TestMethodWorker.run(TestMethodWorker.java:128)
at java.util.ArrayList.forEach(Unknown Source)
at org.testng.TestRunner.privateRun(TestRunner.java:770)
at org.testng.TestRunner.run(TestRunner.java:591)
at org.testng.SuiteRunner.runTest(SuiteRunner.java:402)
at org.testng.SuiteRunner.runSequentially(SuiteRunner.java:396)
at org.testng.SuiteRunner.privateRun(SuiteRunner.java:355)
at org.testng.SuiteRunner.run(SuiteRunner.java:304)
at org.testng.SuiteRunnerWorker.runSuite(SuiteRunnerWorker.java:53)
at org.testng.SuiteRunnerWorker.run(SuiteRunnerWorker.java:96)
at org.testng.TestNG.runSuitesSequentially(TestNG.java:1180)
at org.testng.TestNG.runSuitesLocally(TestNG.java:1102)
at org.testng.TestNG.runSuites(TestNG.java:1032)
at org.testng.TestNG.run(TestNG.java:1000)
at org.testng.remote.AbstractRemoteTestNG.run(AbstractRemoteTestNG.java:115)
at org.testng.remote.RemoteTestNG.initAndRun(RemoteTestNG.java:251)
at org.testng.remote.RemoteTestNG.main(RemoteTestNG.java:77)
]]>
            </full-stacktrace>
          </exception> <!-- java.lang.Error -->
          <reporter-output>
          </reporter-output>
        </test-method> <!-- loginTest -->
        <test-method status="PASS" signature="tearDown()[pri:0, instance:autoP.testCases.TC_TP_001@4bbfb90a]" name="tearDown" is-config="true" duration-ms="707" started-at="2020-03-16T23:30:15 EDT" finished-at="2020-03-16T23:30:16 EDT">
          <reporter-output>
          </reporter-output>
        </test-method> <!-- tearDown -->
      </class> <!-- autoP.testCases.TC_TP_001 -->
    </test> <!-- Default test -->
  </suite> <!-- Default suite -->
</testng-results>
