<?xml version="1.0" encoding="UTF-8"?>
<testng-results ignored="0" total="1" passed="0" failed="1" skipped="0">
  <reporter-output>
  </reporter-output>
  <suite started-at="2020-03-18T00:00:54 GMT-04:00" name="Default suite" finished-at="2020-03-18T00:00:59 GMT-04:00" duration-ms="4662">
    <groups>
    </groups>
    <test started-at="2020-03-18T00:00:54 GMT-04:00" name="Default test" finished-at="2020-03-18T00:00:59 GMT-04:00" duration-ms="4662">
      <class name="autoP.testCases.TC_TP_001">
        <test-method is-config="true" signature="setup()[pri:0, instance:autoP.testCases.TC_TP_001@3a079870]" started-at="2020-03-18T00:00:54 GMT-04:00" name="setup" finished-at="2020-03-18T00:00:58 GMT-04:00" duration-ms="4406" status="PASS">
          <reporter-output>
          </reporter-output>
        </test-method> <!-- setup -->
        <test-method signature="loginTest()[pri:0, instance:autoP.testCases.TC_TP_001@3a079870]" started-at="2020-03-18T00:00:58 GMT-04:00" name="loginTest" finished-at="2020-03-18T00:00:58 GMT-04:00" duration-ms="25" status="FAIL">
          <exception class="java.lang.Error">
            <message>
              <![CDATA[Unresolved compilation problems: 
username cannot be resolved to a variable
The method setPassword(String) is undefined for the type LoginPage
The method clickloginbtn1() is undefined for the type LoginPage
]]>
            </message>
            <full-stacktrace>
              <![CDATA[java.lang.Error: Unresolved compilation problems: 
username cannot be resolved to a variable
The method setPassword(String) is undefined for the type LoginPage
The method clickloginbtn1() is undefined for the type LoginPage

at autoP.testCases.TC_TP_001.loginTest(TC_TP_001.java:24)
at java.base/jdk.internal.reflect.NativeMethodAccessorImpl.invoke0(Native Method)
at java.base/jdk.internal.reflect.NativeMethodAccessorImpl.invoke(NativeMethodAccessorImpl.java:62)
at java.base/jdk.internal.reflect.DelegatingMethodAccessorImpl.invoke(DelegatingMethodAccessorImpl.java:43)
at java.base/java.lang.reflect.Method.invoke(Method.java:567)
at org.testng.internal.MethodInvocationHelper.invokeMethod(MethodInvocationHelper.java:133)
at org.testng.internal.TestInvoker.invokeMethod(TestInvoker.java:584)
at org.testng.internal.TestInvoker.invokeTestMethod(TestInvoker.java:172)
at org.testng.internal.MethodRunner.runInSequence(MethodRunner.java:46)
at org.testng.internal.TestInvoker$MethodInvocationAgent.invoke(TestInvoker.java:804)
at org.testng.internal.TestInvoker.invokeTestMethods(TestInvoker.java:145)
at org.testng.internal.TestMethodWorker.invokeTestMethods(TestMethodWorker.java:146)
at org.testng.internal.TestMethodWorker.run(TestMethodWorker.java:128)
at java.base/java.util.ArrayList.forEach(ArrayList.java:1507)
at org.testng.TestRunner.privateRun(TestRunner.java:770)
at org.testng.TestRunner.run(TestRunner.java:591)
at org.testng.SuiteRunner.runTest(SuiteRunner.java:402)
at org.testng.SuiteRunner.runSequentially(SuiteRunner.java:396)
at org.testng.SuiteRunner.privateRun(SuiteRunner.java:355)
at org.testng.SuiteRunner.run(SuiteRunner.java:304)
at org.testng.SuiteRunnerWorker.runSuite(SuiteRunnerWorker.java:53)
at org.testng.SuiteRunnerWorker.run(SuiteRunnerWorker.java:96)
at org.testng.TestNG.runSuitesSequentially(TestNG.java:1180)
at org.testng.TestNG.runSuitesLocally(TestNG.java:1102)
at org.testng.TestNG.runSuites(TestNG.java:1032)
at org.testng.TestNG.run(TestNG.java:1000)
at org.testng.remote.AbstractRemoteTestNG.run(AbstractRemoteTestNG.java:115)
at org.testng.remote.RemoteTestNG.initAndRun(RemoteTestNG.java:251)
at org.testng.remote.RemoteTestNG.main(RemoteTestNG.java:77)
]]>
            </full-stacktrace>
          </exception> <!-- java.lang.Error -->
          <reporter-output>
          </reporter-output>
        </test-method> <!-- loginTest -->
        <test-method is-config="true" signature="tearDown()[pri:0, instance:autoP.testCases.TC_TP_001@3a079870]" started-at="2020-03-18T00:00:58 GMT-04:00" name="tearDown" finished-at="2020-03-18T00:00:59 GMT-04:00" duration-ms="176" status="PASS">
          <reporter-output>
          </reporter-output>
        </test-method> <!-- tearDown -->
      </class> <!-- autoP.testCases.TC_TP_001 -->
    </test> <!-- Default test -->
  </suite> <!-- Default suite -->
</testng-results>
